[INFO] Scanning for projects...
[INFO] 
[INFO] ---------------------< org.ufop.web:sales-service >---------------------
[INFO] Building sales-service 1.0.0
[INFO]   from pom.xml
[INFO] --------------------------------[ jar ]---------------------------------
[INFO] 
[INFO] --- clean:3.2.0:clean (default-clean) @ sales-service ---
[INFO] Deleting C:\Projects\ticket-system\sales-service\target
[INFO] 
[INFO] --- resources:3.3.1:resources (default-resources) @ sales-service ---
[INFO] Copying 1 resource from src\main\resources to target\classes
[INFO] Copying 0 resource from src\main\resources to target\classes
[INFO] 
[INFO] --- compiler:3.11.0:compile (default-compile) @ sales-service ---
[INFO] Changes detected - recompiling the module! :source
[INFO] Compiling 17 source files with javac [debug release 17] to target\classes
[INFO] Annotation processing is enabled because one or more processors were found
  on the class path. A future release of javac may disable annotation processing
  unless at least one processor is specified by name (-processor), or a search
  path is specified (--processor-path, --processor-module-path), or annotation
  processing is enabled explicitly (-proc:only, -proc:full).
  Use -Xlint:-options to suppress this message.
  Use -proc:none to disable annotation processing.
[INFO] -------------------------------------------------------------
[ERROR] COMPILATION ERROR : 
[INFO] -------------------------------------------------------------
[ERROR] /C:/Projects/ticket-system/sales-service/src/main/java/org/ufop/web/salesservice/sales/client/EventsServiceClient.java:[19,58] cannot find symbol
  symbol:   class RequestParam
  location: interface org.ufop.web.salesservice.sales.client.EventsServiceClient
[ERROR] /C:/Projects/ticket-system/sales-service/src/main/java/org/ufop/web/salesservice/sales/client/EventsServiceClient.java:[18,6] cannot find symbol
  symbol:   class PostMapping
  location: interface org.ufop.web.salesservice.sales.client.EventsServiceClient
[INFO] 2 errors 
[INFO] -------------------------------------------------------------
[INFO] ------------------------------------------------------------------------
[INFO] BUILD FAILURE
[INFO] ------------------------------------------------------------------------
[INFO] Total time:  7.218 s
[INFO] Finished at: 2026-01-07T19:22:14-03:00
[INFO] ------------------------------------------------------------------------
[ERROR] Failed to execute goal org.apache.maven.plugins:maven-compiler-plugin:3.11.0:compile (default-compile) on project sales-service: Compilation failure: Compilation failure: 
[ERROR] /C:/Projects/ticket-system/sales-service/src/main/java/org/ufop/web/salesservice/sales/client/EventsServiceClient.java:[19,58] cannot find symbol
[ERROR]   symbol:   class RequestParam
[ERROR]   location: interface org.ufop.web.salesservice.sales.client.EventsServiceClient
[ERROR] /C:/Projects/ticket-system/sales-service/src/main/java/org/ufop/web/salesservice/sales/client/EventsServiceClient.java:[18,6] cannot find symbol
[ERROR]   symbol:   class PostMapping
[ERROR]   location: interface org.ufop.web.salesservice.sales.client.EventsServiceClient
[ERROR] -> [Help 1]
[ERROR] 
[ERROR] To see the full stack trace of the errors, re-run Maven with the -e switch.
[ERROR] Re-run Maven using the -X switch to enable full debug logging.
[ERROR] 
[ERROR] For more information about the errors and possible solutions, please read the following articles:
[ERROR] [Help 1] http://cwiki.apache.org/confluence/display/MAVEN/MojoFailureException
